# JRE version: Java(TM) SE Runtime Environment (8.0_271-b09) (build 1.8.0_271-b09)
# Java VM: Java HotSpot(TM) 64-Bit Server VM (25.271-b09 mixed mode windows-amd64 compressed oops)
Heap:
 PSYoungGen      total 130048K, used 124939K [0x00000000f5580000, 0x0000000100000000, 0x0000000100000000)
  eden space 116736K, 100% used [0x00000000f5580000,0x00000000fc780000,0x00000000fc780000)
  from space 13312K, 61% used [0x00000000fc780000,0x00000000fcf82fe8,0x00000000fd480000)
  to   space 12800K, 0% used [0x00000000ff380000,0x00000000ff380000,0x0000000100000000)
 ParOldGen       total 175104K, used 16084K [0x00000000e0000000, 0x00000000eab00000, 0x00000000f5580000)
  object space 175104K, 9% used [0x00000000e0000000,0x00000000e0fb5258,0x00000000eab00000)
 Metaspace       used 45716K, capacity 47920K, committed 48000K, reserved 1091584K
  class space    used 6288K, capacity 6771K, committed 6784K, reserved 1048576K
GC Heap History (10 events):
Event: 2.779 GC heap before
{Heap before GC invocations=5 (full 1):
 PSYoungGen      total 76288K, used 7173K [0x00000000f5580000, 0x00000000fea80000, 0x0000000100000000)
  eden space 65536K, 0% used [0x00000000f5580000,0x00000000f5580000,0x00000000f9580000)
  from space 10752K, 66% used [0x00000000fa000000,0x00000000fa701490,0x00000000faa80000)
  to   space 10752K, 0% used [0x00000000f9580000,0x00000000f9580000,0x00000000fa000000)
 ParOldGen       total 175104K, used 1238K [0x00000000e0000000, 0x00000000eab00000, 0x00000000f5580000)
  object space 175104K, 0% used [0x00000000e0000000,0x00000000e01359e0,0x00000000eab00000)
 Metaspace       used 20538K, capacity 21240K, committed 21296K, reserved 1067008K
  class space    used 2969K, capacity 3158K, committed 3200K, reserved 1048576K
Event: 2.811 GC heap after
Heap after GC invocations=5 (full 1):
 PSYoungGen      total 76288K, used 0K [0x00000000f5580000, 0x00000000fea80000, 0x0000000100000000)
  eden space 65536K, 0% used [0x00000000f5580000,0x00000000f5580000,0x00000000f9580000)
  from space 10752K, 0% used [0x00000000fa000000,0x00000000fa000000,0x00000000faa80000)
  to   space 10752K, 0% used [0x00000000f9580000,0x00000000f9580000,0x00000000fa000000)
 ParOldGen       total 175104K, used 7024K [0x00000000e0000000, 0x00000000eab00000, 0x00000000f5580000)
  object space 175104K, 4% used [0x00000000e0000000,0x00000000e06dc250,0x00000000eab00000)
 Metaspace       used 20538K, capacity 21240K, committed 21296K, reserved 1067008K
  class space    used 2969K, capacity 3158K, committed 3200K, reserved 1048576K
}
Event: 5.205 GC heap before
{Heap before GC invocations=6 (full 1):
 PSYoungGen      total 76288K, used 65536K [0x00000000f5580000, 0x00000000fea80000, 0x0000000100000000)
  eden space 65536K, 100% used [0x00000000f5580000,0x00000000f9580000,0x00000000f9580000)
  from space 10752K, 0% used [0x00000000fa000000,0x00000000fa000000,0x00000000faa80000)
  to   space 10752K, 0% used [0x00000000f9580000,0x00000000f9580000,0x00000000fa000000)
 ParOldGen       total 175104K, used 7024K [0x00000000e0000000, 0x00000000eab00000, 0x00000000f5580000)
  object space 175104K, 4% used [0x00000000e0000000,0x00000000e06dc250,0x00000000eab00000)
 Metaspace       used 26530K, capacity 27422K, committed 27648K, reserved 1073152K
  class space    used 3792K, capacity 4045K, committed 4096K, reserved 1048576K
Event: 5.212 GC heap after
Heap after GC invocations=6 (full 1):
 PSYoungGen      total 76288K, used 6564K [0x00000000f5580000, 0x00000000fe400000, 0x0000000100000000)
  eden space 65536K, 0% used [0x00000000f5580000,0x00000000f5580000,0x00000000f9580000)
  from space 10752K, 61% used [0x00000000f9580000,0x00000000f9be9340,0x00000000fa000000)
  to   space 13312K, 0% used [0x00000000fd700000,0x00000000fd700000,0x00000000fe400000)
 ParOldGen       total 175104K, used 7032K [0x00000000e0000000, 0x00000000eab00000, 0x00000000f5580000)
  object space 175104K, 4% used [0x00000000e0000000,0x00000000e06de250,0x00000000eab00000)
 Metaspace       used 26530K, capacity 27422K, committed 27648K, reserved 1073152K
  class space    used 3792K, capacity 4045K, committed 4096K, reserved 1048576K
}
Event: 5.945 GC heap before
{Heap before GC invocations=7 (full 1):
 PSYoungGen      total 76288K, used 56127K [0x00000000f5580000, 0x00000000fe400000, 0x0000000100000000)
  eden space 65536K, 75% used [0x00000000f5580000,0x00000000f85e69f8,0x00000000f9580000)
  from space 10752K, 61% used [0x00000000f9580000,0x00000000f9be9340,0x00000000fa000000)
  to   space 13312K, 0% used [0x00000000fd700000,0x00000000fd700000,0x00000000fe400000)
 ParOldGen       total 175104K, used 7032K [0x00000000e0000000, 0x00000000eab00000, 0x00000000f5580000)
  object space 175104K, 4% used [0x00000000e0000000,0x00000000e06de250,0x00000000eab00000)
 Metaspace       used 34438K, capacity 35368K, committed 35496K, reserved 1079296K
  class space    used 4616K, capacity 4839K, committed 4864K, reserved 1048576K
Event: 5.952 GC heap after
Heap after GC invocations=7 (full 1):
 PSYoungGen      total 127488K, used 9661K [0x00000000f5580000, 0x00000000fe180000, 0x0000000100000000)
  eden space 116736K, 0% used [0x00000000f5580000,0x00000000f5580000,0x00000000fc780000)
  from space 10752K, 89% used [0x00000000fd700000,0x00000000fe06f4f8,0x00000000fe180000)
  to   space 13312K, 0% used [0x00000000fc780000,0x00000000fc780000,0x00000000fd480000)
 ParOldGen       total 175104K, used 7040K [0x00000000e0000000, 0x00000000eab00000, 0x00000000f5580000)
  object space 175104K, 4% used [0x00000000e0000000,0x00000000e06e0250,0x00000000eab00000)
 Metaspace       used 34438K, capacity 35368K, committed 35496K, reserved 1079296K
  class space    used 4616K, capacity 4839K, committed 4864K, reserved 1048576K
}
Event: 5.952 GC heap before
{Heap before GC invocations=8 (full 2):
 PSYoungGen      total 127488K, used 9661K [0x00000000f5580000, 0x00000000fe180000, 0x0000000100000000)
  eden space 116736K, 0% used [0x00000000f5580000,0x00000000f5580000,0x00000000fc780000)
  from space 10752K, 89% used [0x00000000fd700000,0x00000000fe06f4f8,0x00000000fe180000)
  to   space 13312K, 0% used [0x00000000fc780000,0x00000000fc780000,0x00000000fd480000)
 ParOldGen       total 175104K, used 7040K [0x00000000e0000000, 0x00000000eab00000, 0x00000000f5580000)
  object space 175104K, 4% used [0x00000000e0000000,0x00000000e06e0250,0x00000000eab00000)
 Metaspace       used 34438K, capacity 35368K, committed 35496K, reserved 1079296K
  class space    used 4616K, capacity 4839K, committed 4864K, reserved 1048576K
Event: 6.026 GC heap after
Heap after GC invocations=8 (full 2):
 PSYoungGen      total 127488K, used 0K [0x00000000f5580000, 0x00000000fe180000, 0x0000000100000000)
  eden space 116736K, 0% used [0x00000000f5580000,0x00000000f5580000,0x00000000fc780000)
  from space 10752K, 0% used [0x00000000fd700000,0x00000000fd700000,0x00000000fe180000)
  to   space 13312K, 0% used [0x00000000fc780000,0x00000000fc780000,0x00000000fd480000)
 ParOldGen       total 175104K, used 16084K [0x00000000e0000000, 0x00000000eab00000, 0x00000000f5580000)
  object space 175104K, 9% used [0x00000000e0000000,0x00000000e0fb5258,0x00000000eab00000)
 Metaspace       used 34427K, capacity 35356K, committed 35496K, reserved 1079296K
  class space    used 4612K, capacity 4835K, committed 4864K, reserved 1048576K
}
Event: 7.306 GC heap before
{Heap before GC invocations=9 (full 2):
 PSYoungGen      total 127488K, used 116736K [0x00000000f5580000, 0x00000000fe180000, 0x0000000100000000)
  eden space 116736K, 100% used [0x00000000f5580000,0x00000000fc780000,0x00000000fc780000)
  from space 10752K, 0% used [0x00000000fd700000,0x00000000fd700000,0x00000000fe180000)
  to   space 13312K, 0% used [0x00000000fc780000,0x00000000fc780000,0x00000000fd480000)
 ParOldGen       total 175104K, used 16084K [0x00000000e0000000, 0x00000000eab00000, 0x00000000f5580000)
  object space 175104K, 9% used [0x00000000e0000000,0x00000000e0fb5258,0x00000000eab00000)
 Metaspace       used 40407K, capacity 41664K, committed 41856K, reserved 1085440K
  class space    used 5393K, capacity 5704K, committed 5760K, reserved 1048576K
Event: 7.314 GC heap after
Heap after GC invocations=9 (full 2):
 PSYoungGen      total 130048K, used 8203K [0x00000000f5580000, 0x0000000100000000, 0x0000000100000000)
  eden space 116736K, 0% used [0x00000000f5580000,0x00000000f5580000,0x00000000fc780000)
  from space 13312K, 61% used [0x00000000fc780000,0x00000000fcf82fe8,0x00000000fd480000)
  to   space 12800K, 0% used [0x00000000ff380000,0x00000000ff380000,0x0000000100000000)
 ParOldGen       total 175104K, used 16084K [0x00000000e0000000, 0x00000000eab00000, 0x00000000f5580000)
  object space 175104K, 9% used [0x00000000e0000000,0x00000000e0fb5258,0x00000000eab00000)
 Metaspace       used 40407K, capacity 41664K, committed 41856K, reserved 1085440K
  class space    used 5393K, capacity 5704K, committed 5760K, reserved 1048576K
}

