# JRE version: Java(TM) SE Runtime Environment (8.0_271-b09) (build 1.8.0_271-b09)
# Java VM: Java HotSpot(TM) 64-Bit Server VM (25.271-b09 mixed mode windows-amd64 compressed oops)
Heap:
 PSYoungGen      total 136704K, used 22119K [0x00000000f5580000, 0x0000000100000000, 0x0000000100000000)
  eden space 119296K, 18% used [0x00000000f5580000,0x00000000f6b19c50,0x00000000fca00000)
  from space 17408K, 0% used [0x00000000fef00000,0x00000000fef00000,0x0000000100000000)
  to   space 27648K, 0% used [0x00000000fca00000,0x00000000fca00000,0x00000000fe500000)
 ParOldGen       total 299008K, used 41507K [0x00000000e0000000, 0x00000000f2400000, 0x00000000f5580000)
  object space 299008K, 13% used [0x00000000e0000000,0x00000000e2888e40,0x00000000f2400000)
 Metaspace       used 56265K, capacity 59074K, committed 59416K, reserved 1099776K
  class space    used 7644K, capacity 8184K, committed 8320K, reserved 1048576K
GC Heap History (10 events):
Event: 12.316 GC heap before
{Heap before GC invocations=7 (full 2):
 PSYoungGen      total 141312K, used 130560K [0x00000000f5580000, 0x0000000100000000, 0x0000000100000000)
  eden space 130560K, 100% used [0x00000000f5580000,0x00000000fd500000,0x00000000fd500000)
  from space 10752K, 0% used [0x00000000fdf80000,0x00000000fdf80000,0x00000000fea00000)
  to   space 10752K, 0% used [0x00000000fd500000,0x00000000fd500000,0x00000000fdf80000)
 ParOldGen       total 198656K, used 20425K [0x00000000e0000000, 0x00000000ec200000, 0x00000000f5580000)
  object space 198656K, 10% used [0x00000000e0000000,0x00000000e13f2768,0x00000000ec200000)
 Metaspace       used 40990K, capacity 42282K, committed 42496K, reserved 1085440K
  class space    used 5506K, capacity 5818K, committed 5888K, reserved 1048576K
Event: 12.322 GC heap after
Heap after GC invocations=7 (full 2):
 PSYoungGen      total 141312K, used 9157K [0x00000000f5580000, 0x0000000100000000, 0x0000000100000000)
  eden space 130560K, 0% used [0x00000000f5580000,0x00000000f5580000,0x00000000fd500000)
  from space 10752K, 85% used [0x00000000fd500000,0x00000000fddf14d0,0x00000000fdf80000)
  to   space 16384K, 0% used [0x00000000ff000000,0x00000000ff000000,0x0000000100000000)
 ParOldGen       total 198656K, used 20425K [0x00000000e0000000, 0x00000000ec200000, 0x00000000f5580000)
  object space 198656K, 10% used [0x00000000e0000000,0x00000000e13f2768,0x00000000ec200000)
 Metaspace       used 40990K, capacity 42282K, committed 42496K, reserved 1085440K
  class space    used 5506K, capacity 5818K, committed 5888K, reserved 1048576K
}
Event: 15.210 GC heap before
{Heap before GC invocations=8 (full 2):
 PSYoungGen      total 141312K, used 139717K [0x00000000f5580000, 0x0000000100000000, 0x0000000100000000)
  eden space 130560K, 100% used [0x00000000f5580000,0x00000000fd500000,0x00000000fd500000)
  from space 10752K, 85% used [0x00000000fd500000,0x00000000fddf14d0,0x00000000fdf80000)
  to   space 16384K, 0% used [0x00000000ff000000,0x00000000ff000000,0x0000000100000000)
 ParOldGen       total 198656K, used 20425K [0x00000000e0000000, 0x00000000ec200000, 0x00000000f5580000)
  object space 198656K, 10% used [0x00000000e0000000,0x00000000e13f2768,0x00000000ec200000)
 Metaspace       used 47736K, capacity 50212K, committed 50432K, reserved 1093632K
  class space    used 6609K, capacity 7114K, committed 7168K, reserved 1048576K
Event: 15.221 GC heap after
Heap after GC invocations=8 (full 2):
 PSYoungGen      total 156160K, used 14492K [0x00000000f5580000, 0x0000000100000000, 0x0000000100000000)
  eden space 139776K, 0% used [0x00000000f5580000,0x00000000f5580000,0x00000000fde00000)
  from space 16384K, 88% used [0x00000000ff000000,0x00000000ffe270d0,0x0000000100000000)
  to   space 17408K, 0% used [0x00000000fde00000,0x00000000fde00000,0x00000000fef00000)
 ParOldGen       total 198656K, used 20433K [0x00000000e0000000, 0x00000000ec200000, 0x00000000f5580000)
  object space 198656K, 10% used [0x00000000e0000000,0x00000000e13f4768,0x00000000ec200000)
 Metaspace       used 47736K, capacity 50212K, committed 50432K, reserved 1093632K
  class space    used 6609K, capacity 7114K, committed 7168K, reserved 1048576K
}
Event: 19.276 GC heap before
{Heap before GC invocations=9 (full 2):
 PSYoungGen      total 156160K, used 154268K [0x00000000f5580000, 0x0000000100000000, 0x0000000100000000)
  eden space 139776K, 100% used [0x00000000f5580000,0x00000000fde00000,0x00000000fde00000)
  from space 16384K, 88% used [0x00000000ff000000,0x00000000ffe270d0,0x0000000100000000)
  to   space 17408K, 0% used [0x00000000fde00000,0x00000000fde00000,0x00000000fef00000)
 ParOldGen       total 198656K, used 20433K [0x00000000e0000000, 0x00000000ec200000, 0x00000000f5580000)
  object space 198656K, 10% used [0x00000000e0000000,0x00000000e13f4768,0x00000000ec200000)
 Metaspace       used 52265K, capacity 55168K, committed 55424K, reserved 1097728K
  class space    used 7196K, capacity 7781K, committed 7808K, reserved 1048576K
Event: 19.288 GC heap after
Heap after GC invocations=9 (full 2):
 PSYoungGen      total 157184K, used 17384K [0x00000000f5580000, 0x0000000100000000, 0x0000000100000000)
  eden space 139776K, 0% used [0x00000000f5580000,0x00000000f5580000,0x00000000fde00000)
  from space 17408K, 99% used [0x00000000fde00000,0x00000000feefa060,0x00000000fef00000)
  to   space 17408K, 0% used [0x00000000fef00000,0x00000000fef00000,0x0000000100000000)
 ParOldGen       total 198656K, used 23042K [0x00000000e0000000, 0x00000000ec200000, 0x00000000f5580000)
  object space 198656K, 11% used [0x00000000e0000000,0x00000000e1680bf0,0x00000000ec200000)
 Metaspace       used 52265K, capacity 55168K, committed 55424K, reserved 1097728K
  class space    used 7196K, capacity 7781K, committed 7808K, reserved 1048576K
}
Event: 20.638 GC heap before
{Heap before GC invocations=10 (full 2):
 PSYoungGen      total 157184K, used 95179K [0x00000000f5580000, 0x0000000100000000, 0x0000000100000000)
  eden space 139776K, 55% used [0x00000000f5580000,0x00000000fa178ef0,0x00000000fde00000)
  from space 17408K, 99% used [0x00000000fde00000,0x00000000feefa060,0x00000000fef00000)
  to   space 17408K, 0% used [0x00000000fef00000,0x00000000fef00000,0x0000000100000000)
 ParOldGen       total 198656K, used 23042K [0x00000000e0000000, 0x00000000ec200000, 0x00000000f5580000)
  object space 198656K, 11% used [0x00000000e0000000,0x00000000e1680bf0,0x00000000ec200000)
 Metaspace       used 56091K, capacity 59030K, committed 59160K, reserved 1099776K
  class space    used 7653K, capacity 8234K, committed 8320K, reserved 1048576K
Event: 20.654 GC heap after
Heap after GC invocations=10 (full 2):
 PSYoungGen      total 136704K, used 17396K [0x00000000f5580000, 0x0000000100000000, 0x0000000100000000)
  eden space 119296K, 0% used [0x00000000f5580000,0x00000000f5580000,0x00000000fca00000)
  from space 17408K, 99% used [0x00000000fef00000,0x00000000ffffd000,0x0000000100000000)
  to   space 27648K, 0% used [0x00000000fca00000,0x00000000fca00000,0x00000000fe500000)
 ParOldGen       total 198656K, used 35259K [0x00000000e0000000, 0x00000000ec200000, 0x00000000f5580000)
  object space 198656K, 17% used [0x00000000e0000000,0x00000000e226ece8,0x00000000ec200000)
 Metaspace       used 56091K, capacity 59030K, committed 59160K, reserved 1099776K
  class space    used 7653K, capacity 8234K, committed 8320K, reserved 1048576K
}
Event: 20.654 GC heap before
{Heap before GC invocations=11 (full 3):
 PSYoungGen      total 136704K, used 17396K [0x00000000f5580000, 0x0000000100000000, 0x0000000100000000)
  eden space 119296K, 0% used [0x00000000f5580000,0x00000000f5580000,0x00000000fca00000)
  from space 17408K, 99% used [0x00000000fef00000,0x00000000ffffd000,0x0000000100000000)
  to   space 27648K, 0% used [0x00000000fca00000,0x00000000fca00000,0x00000000fe500000)
 ParOldGen       total 198656K, used 35259K [0x00000000e0000000, 0x00000000ec200000, 0x00000000f5580000)
  object space 198656K, 17% used [0x00000000e0000000,0x00000000e226ece8,0x00000000ec200000)
 Metaspace       used 56091K, capacity 59030K, committed 59160K, reserved 1099776K
  class space    used 7653K, capacity 8234K, committed 8320K, reserved 1048576K
Event: 20.793 GC heap after
Heap after GC invocations=11 (full 3):
 PSYoungGen      total 136704K, used 0K [0x00000000f5580000, 0x0000000100000000, 0x0000000100000000)
  eden space 119296K, 0% used [0x00000000f5580000,0x00000000f5580000,0x00000000fca00000)
  from space 17408K, 0% used [0x00000000fef00000,0x00000000fef00000,0x0000000100000000)
  to   space 27648K, 0% used [0x00000000fca00000,0x00000000fca00000,0x00000000fe500000)
 ParOldGen       total 299008K, used 41507K [0x00000000e0000000, 0x00000000f2400000, 0x00000000f5580000)
  object space 299008K, 13% used [0x00000000e0000000,0x00000000e2888e40,0x00000000f2400000)
 Metaspace       used 55814K, capacity 58552K, committed 59160K, reserved 1099776K
  class space    used 7591K, capacity 8129K, committed 8320K, reserved 1048576K
}

