# JRE version: Java(TM) SE Runtime Environment (8.0_271-b09) (build 1.8.0_271-b09)
# Java VM: Java HotSpot(TM) 64-Bit Server VM (25.271-b09 mixed mode windows-amd64 compressed oops)
Heap:
 PSYoungGen      total 151040K, used 33247K [0x00000000f5580000, 0x0000000100000000, 0x0000000100000000)
  eden space 127488K, 26% used [0x00000000f5580000,0x00000000f75f7f98,0x00000000fd200000)
  from space 23552K, 0% used [0x00000000fd200000,0x00000000fd200000,0x00000000fe900000)
  to   space 23552K, 0% used [0x00000000fe900000,0x00000000fe900000,0x0000000100000000)
 ParOldGen       total 197120K, used 52579K [0x00000000e0000000, 0x00000000ec080000, 0x00000000f5580000)
  object space 197120K, 26% used [0x00000000e0000000,0x00000000e3358f80,0x00000000ec080000)
 Metaspace       used 57140K, capacity 60034K, committed 60416K, reserved 1103872K
  class space    used 7815K, capacity 8365K, committed 8448K, reserved 1048576K
GC Heap History (10 events):
Event: 10.713 GC heap before
{Heap before GC invocations=8 (full 2):
 PSYoungGen      total 141824K, used 131072K [0x00000000f5580000, 0x0000000100000000, 0x0000000100000000)
  eden space 131072K, 100% used [0x00000000f5580000,0x00000000fd580000,0x00000000fd580000)
  from space 10752K, 0% used [0x00000000fd580000,0x00000000fd580000,0x00000000fe000000)
  to   space 16384K, 0% used [0x00000000ff000000,0x00000000ff000000,0x0000000100000000)
 ParOldGen       total 175104K, used 20482K [0x00000000e0000000, 0x00000000eab00000, 0x00000000f5580000)
  object space 175104K, 11% used [0x00000000e0000000,0x00000000e1400890,0x00000000eab00000)
 Metaspace       used 41093K, capacity 42346K, committed 42496K, reserved 1085440K
  class space    used 5513K, capacity 5818K, committed 5888K, reserved 1048576K
Event: 10.721 GC heap after
Heap after GC invocations=8 (full 2):
 PSYoungGen      total 159232K, used 9281K [0x00000000f5580000, 0x0000000100000000, 0x0000000100000000)
  eden space 142848K, 0% used [0x00000000f5580000,0x00000000f5580000,0x00000000fe100000)
  from space 16384K, 56% used [0x00000000ff000000,0x00000000ff910418,0x0000000100000000)
  to   space 15360K, 0% used [0x00000000fe100000,0x00000000fe100000,0x00000000ff000000)
 ParOldGen       total 175104K, used 20490K [0x00000000e0000000, 0x00000000eab00000, 0x00000000f5580000)
  object space 175104K, 11% used [0x00000000e0000000,0x00000000e1402890,0x00000000eab00000)
 Metaspace       used 41093K, capacity 42346K, committed 42496K, reserved 1085440K
  class space    used 5513K, capacity 5818K, committed 5888K, reserved 1048576K
}
Event: 13.434 GC heap before
{Heap before GC invocations=9 (full 2):
 PSYoungGen      total 159232K, used 152129K [0x00000000f5580000, 0x0000000100000000, 0x0000000100000000)
  eden space 142848K, 100% used [0x00000000f5580000,0x00000000fe100000,0x00000000fe100000)
  from space 16384K, 56% used [0x00000000ff000000,0x00000000ff910418,0x0000000100000000)
  to   space 15360K, 0% used [0x00000000fe100000,0x00000000fe100000,0x00000000ff000000)
 ParOldGen       total 175104K, used 20490K [0x00000000e0000000, 0x00000000eab00000, 0x00000000f5580000)
  object space 175104K, 11% used [0x00000000e0000000,0x00000000e1402890,0x00000000eab00000)
 Metaspace       used 48231K, capacity 50804K, committed 51072K, reserved 1093632K
  class space    used 6697K, capacity 7222K, committed 7296K, reserved 1048576K
Event: 13.446 GC heap after
Heap after GC invocations=9 (full 2):
 PSYoungGen      total 158208K, used 15345K [0x00000000f5580000, 0x0000000100000000, 0x0000000100000000)
  eden space 142848K, 0% used [0x00000000f5580000,0x00000000f5580000,0x00000000fe100000)
  from space 15360K, 99% used [0x00000000fe100000,0x00000000feffc590,0x00000000ff000000)
  to   space 16384K, 0% used [0x00000000ff000000,0x00000000ff000000,0x0000000100000000)
 ParOldGen       total 175104K, used 20761K [0x00000000e0000000, 0x00000000eab00000, 0x00000000f5580000)
  object space 175104K, 11% used [0x00000000e0000000,0x00000000e14465e8,0x00000000eab00000)
 Metaspace       used 48231K, capacity 50804K, committed 51072K, reserved 1093632K
  class space    used 6697K, capacity 7222K, committed 7296K, reserved 1048576K
}
Event: 20.968 GC heap before
{Heap before GC invocations=10 (full 2):
 PSYoungGen      total 158208K, used 158193K [0x00000000f5580000, 0x0000000100000000, 0x0000000100000000)
  eden space 142848K, 100% used [0x00000000f5580000,0x00000000fe100000,0x00000000fe100000)
  from space 15360K, 99% used [0x00000000fe100000,0x00000000feffc590,0x00000000ff000000)
  to   space 16384K, 0% used [0x00000000ff000000,0x00000000ff000000,0x0000000100000000)
 ParOldGen       total 175104K, used 20761K [0x00000000e0000000, 0x00000000eab00000, 0x00000000f5580000)
  object space 175104K, 11% used [0x00000000e0000000,0x00000000e14465e8,0x00000000eab00000)
 Metaspace       used 51738K, capacity 54732K, committed 54784K, reserved 1095680K
  class space    used 7117K, capacity 7676K, committed 7680K, reserved 1048576K
Event: 20.984 GC heap after
Heap after GC invocations=10 (full 2):
 PSYoungGen      total 143872K, used 16382K [0x00000000f5580000, 0x0000000100000000, 0x0000000100000000)
  eden space 127488K, 0% used [0x00000000f5580000,0x00000000f5580000,0x00000000fd200000)
  from space 16384K, 99% used [0x00000000ff000000,0x00000000fffffb58,0x0000000100000000)
  to   space 23552K, 0% used [0x00000000fd200000,0x00000000fd200000,0x00000000fe900000)
 ParOldGen       total 175104K, used 29890K [0x00000000e0000000, 0x00000000eab00000, 0x00000000f5580000)
  object space 175104K, 17% used [0x00000000e0000000,0x00000000e1d30ac0,0x00000000eab00000)
 Metaspace       used 51738K, capacity 54732K, committed 54784K, reserved 1095680K
  class space    used 7117K, capacity 7676K, committed 7680K, reserved 1048576K
}
Event: 28.222 GC heap before
{Heap before GC invocations=11 (full 2):
 PSYoungGen      total 143872K, used 113827K [0x00000000f5580000, 0x0000000100000000, 0x0000000100000000)
  eden space 127488K, 76% used [0x00000000f5580000,0x00000000fb4a9370,0x00000000fd200000)
  from space 16384K, 99% used [0x00000000ff000000,0x00000000fffffb58,0x0000000100000000)
  to   space 23552K, 0% used [0x00000000fd200000,0x00000000fd200000,0x00000000fe900000)
 ParOldGen       total 175104K, used 29890K [0x00000000e0000000, 0x00000000eab00000, 0x00000000f5580000)
  object space 175104K, 17% used [0x00000000e0000000,0x00000000e1d30ac0,0x00000000eab00000)
 Metaspace       used 55975K, capacity 59038K, committed 59160K, reserved 1099776K
  class space    used 7672K, capacity 8272K, committed 8320K, reserved 1048576K
Event: 28.239 GC heap after
Heap after GC invocations=11 (full 2):
 PSYoungGen      total 151040K, used 23525K [0x00000000f5580000, 0x0000000100000000, 0x0000000100000000)
  eden space 127488K, 0% used [0x00000000f5580000,0x00000000f5580000,0x00000000fd200000)
  from space 23552K, 99% used [0x00000000fd200000,0x00000000fe8f9640,0x00000000fe900000)
  to   space 23552K, 0% used [0x00000000fe900000,0x00000000fe900000,0x0000000100000000)
 ParOldGen       total 175104K, used 41313K [0x00000000e0000000, 0x00000000eab00000, 0x00000000f5580000)
  object space 175104K, 23% used [0x00000000e0000000,0x00000000e2858620,0x00000000eab00000)
 Metaspace       used 55975K, capacity 59038K, committed 59160K, reserved 1099776K
  class space    used 7672K, capacity 8272K, committed 8320K, reserved 1048576K
}
Event: 28.239 GC heap before
{Heap before GC invocations=12 (full 3):
 PSYoungGen      total 151040K, used 23525K [0x00000000f5580000, 0x0000000100000000, 0x0000000100000000)
  eden space 127488K, 0% used [0x00000000f5580000,0x00000000f5580000,0x00000000fd200000)
  from space 23552K, 99% used [0x00000000fd200000,0x00000000fe8f9640,0x00000000fe900000)
  to   space 23552K, 0% used [0x00000000fe900000,0x00000000fe900000,0x0000000100000000)
 ParOldGen       total 175104K, used 41313K [0x00000000e0000000, 0x00000000eab00000, 0x00000000f5580000)
  object space 175104K, 23% used [0x00000000e0000000,0x00000000e2858620,0x00000000eab00000)
 Metaspace       used 55975K, capacity 59038K, committed 59160K, reserved 1099776K
  class space    used 7672K, capacity 8272K, committed 8320K, reserved 1048576K
Event: 28.397 GC heap after
Heap after GC invocations=12 (full 3):
 PSYoungGen      total 151040K, used 0K [0x00000000f5580000, 0x0000000100000000, 0x0000000100000000)
  eden space 127488K, 0% used [0x00000000f5580000,0x00000000f5580000,0x00000000fd200000)
  from space 23552K, 0% used [0x00000000fd200000,0x00000000fd200000,0x00000000fe900000)
  to   space 23552K, 0% used [0x00000000fe900000,0x00000000fe900000,0x0000000100000000)
 ParOldGen       total 197120K, used 52579K [0x00000000e0000000, 0x00000000ec080000, 0x00000000f5580000)
  object space 197120K, 26% used [0x00000000e0000000,0x00000000e3358f80,0x00000000ec080000)
 Metaspace       used 55654K, capacity 58438K, committed 59160K, reserved 1099776K
  class space    used 7595K, capacity 8142K, committed 8320K, reserved 1048576K
}

