# JRE version: Java(TM) SE Runtime Environment (8.0_271-b09) (build 1.8.0_271-b09)
# Java VM: Java HotSpot(TM) 64-Bit Server VM (25.271-b09 mixed mode windows-amd64 compressed oops)
Heap:
 PSYoungGen      total 29184K, used 1990K [0x00000000dfa00000, 0x00000000e1a80000, 0x0000000100000000)
  eden space 25088K, 7% used [0x00000000dfa00000,0x00000000dfbf1920,0x00000000e1280000)
  from space 4096K, 0% used [0x00000000e1280000,0x00000000e1280000,0x00000000e1680000)
  to   space 4096K, 6% used [0x00000000e1680000,0x00000000e16c0000,0x00000000e1a80000)
 ParOldGen       total 41472K, used 9647K [0x000000009ee00000, 0x00000000a1680000, 0x00000000dfa00000)
  object space 41472K, 23% used [0x000000009ee00000,0x000000009f76bd48,0x00000000a1680000)
 Metaspace       used 34281K, capacity 35658K, committed 35968K, reserved 1103872K
  class space    used 4408K, capacity 4669K, committed 4736K, reserved 1048576K
GC Heap History (10 events):
Event: 2.844 GC heap after
Heap after GC invocations=20 (full 5):
 PSYoungGen      total 29184K, used 0K [0x00000000dfa00000, 0x00000000e1a80000, 0x0000000100000000)
  eden space 25088K, 0% used [0x00000000dfa00000,0x00000000dfa00000,0x00000000e1280000)
  from space 4096K, 0% used [0x00000000e1280000,0x00000000e1280000,0x00000000e1680000)
  to   space 4096K, 0% used [0x00000000e1680000,0x00000000e1680000,0x00000000e1a80000)
 ParOldGen       total 41472K, used 9878K [0x000000009ee00000, 0x00000000a1680000, 0x00000000dfa00000)
  object space 41472K, 23% used [0x000000009ee00000,0x000000009f7a58c0,0x00000000a1680000)
 Metaspace       used 33749K, capacity 35140K, committed 35456K, reserved 1097728K
  class space    used 4327K, capacity 4604K, committed 4736K, reserved 1048576K
}
Event: 2.873 GC heap before
{Heap before GC invocations=21 (full 5):
 PSYoungGen      total 29184K, used 2462K [0x00000000dfa00000, 0x00000000e1a80000, 0x0000000100000000)
  eden space 25088K, 9% used [0x00000000dfa00000,0x00000000dfc67890,0x00000000e1280000)
  from space 4096K, 0% used [0x00000000e1280000,0x00000000e1280000,0x00000000e1680000)
  to   space 4096K, 0% used [0x00000000e1680000,0x00000000e1680000,0x00000000e1a80000)
 ParOldGen       total 41472K, used 9878K [0x000000009ee00000, 0x00000000a1680000, 0x00000000dfa00000)
  object space 41472K, 23% used [0x000000009ee00000,0x000000009f7a58c0,0x00000000a1680000)
 Metaspace       used 34057K, capacity 35428K, committed 35712K, reserved 1101824K
  class space    used 4374K, capacity 4636K, committed 4736K, reserved 1048576K
Event: 2.875 GC heap after
Heap after GC invocations=21 (full 5):
 PSYoungGen      total 29184K, used 499K [0x00000000dfa00000, 0x00000000e1a80000, 0x0000000100000000)
  eden space 25088K, 0% used [0x00000000dfa00000,0x00000000dfa00000,0x00000000e1280000)
  from space 4096K, 12% used [0x00000000e1680000,0x00000000e16fcd90,0x00000000e1a80000)
  to   space 4096K, 0% used [0x00000000e1280000,0x00000000e1280000,0x00000000e1680000)
 ParOldGen       total 41472K, used 9878K [0x000000009ee00000, 0x00000000a1680000, 0x00000000dfa00000)
  object space 41472K, 23% used [0x000000009ee00000,0x000000009f7a58c0,0x00000000a1680000)
 Metaspace       used 34057K, capacity 35428K, committed 35712K, reserved 1101824K
  class space    used 4374K, capacity 4636K, committed 4736K, reserved 1048576K
}
Event: 2.875 GC heap before
{Heap before GC invocations=22 (full 6):
 PSYoungGen      total 29184K, used 499K [0x00000000dfa00000, 0x00000000e1a80000, 0x0000000100000000)
  eden space 25088K, 0% used [0x00000000dfa00000,0x00000000dfa00000,0x00000000e1280000)
  from space 4096K, 12% used [0x00000000e1680000,0x00000000e16fcd90,0x00000000e1a80000)
  to   space 4096K, 0% used [0x00000000e1280000,0x00000000e1280000,0x00000000e1680000)
 ParOldGen       total 41472K, used 9878K [0x000000009ee00000, 0x00000000a1680000, 0x00000000dfa00000)
  object space 41472K, 23% used [0x000000009ee00000,0x000000009f7a58c0,0x00000000a1680000)
 Metaspace       used 34057K, capacity 35428K, committed 35712K, reserved 1101824K
  class space    used 4374K, capacity 4636K, committed 4736K, reserved 1048576K
Event: 2.892 GC heap after
Heap after GC invocations=22 (full 6):
 PSYoungGen      total 29184K, used 0K [0x00000000dfa00000, 0x00000000e1a80000, 0x0000000100000000)
  eden space 25088K, 0% used [0x00000000dfa00000,0x00000000dfa00000,0x00000000e1280000)
  from space 4096K, 0% used [0x00000000e1680000,0x00000000e1680000,0x00000000e1a80000)
  to   space 4096K, 0% used [0x00000000e1280000,0x00000000e1280000,0x00000000e1680000)
 ParOldGen       total 41472K, used 9905K [0x000000009ee00000, 0x00000000a1680000, 0x00000000dfa00000)
  object space 41472K, 23% used [0x000000009ee00000,0x000000009f7ac660,0x00000000a1680000)
 Metaspace       used 34057K, capacity 35428K, committed 35712K, reserved 1099776K
  class space    used 4374K, capacity 4636K, committed 4736K, reserved 1048576K
}
Event: 2.892 GC heap before
{Heap before GC invocations=23 (full 6):
 PSYoungGen      total 29184K, used 0K [0x00000000dfa00000, 0x00000000e1a80000, 0x0000000100000000)
  eden space 25088K, 0% used [0x00000000dfa00000,0x00000000dfa00000,0x00000000e1280000)
  from space 4096K, 0% used [0x00000000e1680000,0x00000000e1680000,0x00000000e1a80000)
  to   space 4096K, 0% used [0x00000000e1280000,0x00000000e1280000,0x00000000e1680000)
 ParOldGen       total 41472K, used 9905K [0x000000009ee00000, 0x00000000a1680000, 0x00000000dfa00000)
  object space 41472K, 23% used [0x000000009ee00000,0x000000009f7ac660,0x00000000a1680000)
 Metaspace       used 34058K, capacity 35428K, committed 35712K, reserved 1103872K
  class space    used 4374K, capacity 4636K, committed 4736K, reserved 1048576K
Event: 2.894 GC heap after
Heap after GC invocations=23 (full 6):
 PSYoungGen      total 29184K, used 0K [0x00000000dfa00000, 0x00000000e1a80000, 0x0000000100000000)
  eden space 25088K, 0% used [0x00000000dfa00000,0x00000000dfa00000,0x00000000e1280000)
  from space 4096K, 0% used [0x00000000e1280000,0x00000000e1280000,0x00000000e1680000)
  to   space 4096K, 0% used [0x00000000e1680000,0x00000000e1680000,0x00000000e1a80000)
 ParOldGen       total 41472K, used 9905K [0x000000009ee00000, 0x00000000a1680000, 0x00000000dfa00000)
  object space 41472K, 23% used [0x000000009ee00000,0x000000009f7ac660,0x00000000a1680000)
 Metaspace       used 34058K, capacity 35428K, committed 35712K, reserved 1103872K
  class space    used 4374K, capacity 4636K, committed 4736K, reserved 1048576K
}
Event: 2.894 GC heap before
{Heap before GC invocations=24 (full 7):
 PSYoungGen      total 29184K, used 0K [0x00000000dfa00000, 0x00000000e1a80000, 0x0000000100000000)
  eden space 25088K, 0% used [0x00000000dfa00000,0x00000000dfa00000,0x00000000e1280000)
  from space 4096K, 0% used [0x00000000e1280000,0x00000000e1280000,0x00000000e1680000)
  to   space 4096K, 0% used [0x00000000e1680000,0x00000000e1680000,0x00000000e1a80000)
 ParOldGen       total 41472K, used 9905K [0x000000009ee00000, 0x00000000a1680000, 0x00000000dfa00000)
  object space 41472K, 23% used [0x000000009ee00000,0x000000009f7ac660,0x00000000a1680000)
 Metaspace       used 34058K, capacity 35428K, committed 35712K, reserved 1103872K
  class space    used 4374K, capacity 4636K, committed 4736K, reserved 1048576K
Event: 2.913 GC heap after
Heap after GC invocations=24 (full 7):
 PSYoungGen      total 29184K, used 0K [0x00000000dfa00000, 0x00000000e1a80000, 0x0000000100000000)
  eden space 25088K, 0% used [0x00000000dfa00000,0x00000000dfa00000,0x00000000e1280000)
  from space 4096K, 0% used [0x00000000e1280000,0x00000000e1280000,0x00000000e1680000)
  to   space 4096K, 0% used [0x00000000e1680000,0x00000000e1680000,0x00000000e1a80000)
 ParOldGen       total 41472K, used 9647K [0x000000009ee00000, 0x00000000a1680000, 0x00000000dfa00000)
  object space 41472K, 23% used [0x000000009ee00000,0x000000009f76bd48,0x00000000a1680000)
 Metaspace       used 34058K, capacity 35428K, committed 35712K, reserved 1099776K
  class space    used 4374K, capacity 4636K, committed 4736K, reserved 1048576K
}
Event: 2.938 GC heap before
{Heap before GC invocations=25 (full 7):
 PSYoungGen      total 29184K, used 1990K [0x00000000dfa00000, 0x00000000e1a80000, 0x0000000100000000)
  eden space 25088K, 7% used [0x00000000dfa00000,0x00000000dfbf1828,0x00000000e1280000)
  from space 4096K, 0% used [0x00000000e1280000,0x00000000e1280000,0x00000000e1680000)
  to   space 4096K, 0% used [0x00000000e1680000,0x00000000e1680000,0x00000000e1a80000)
 ParOldGen       total 41472K, used 9647K [0x000000009ee00000, 0x00000000a1680000, 0x00000000dfa00000)
  object space 41472K, 23% used [0x000000009ee00000,0x000000009f76bd48,0x00000000a1680000)
 Metaspace       used 34281K, capacity 35658K, committed 35968K, reserved 1103872K
  class space    used 4408K, capacity 4669K, committed 4736K, reserved 1048576K

